[35m[Appium][39m Welcome to Appium v1.13.0
[35m[Appium][39m Non-default server args:
[35m[Appium][39m   port: 53844
[35m[Appium][39m   loglevel: info
[35m[Appium][39m   chromeDriverPort: 53845
[35m[Appium][39m   tmpDir: C:\Users\Aparna\AppData\Local\Temp\\Katalon\Appium\Temp1569000338999
[35m[Appium][39m Appium REST http interface listener started on 0.0.0.0:53844
[35m[HTTP][39m [37m-->[39m [37mGET[39m [37m/wd/hub/status[39m
[35m[HTTP][39m [90m{}[39m
[35m[HTTP][39m [37m<-- GET /wd/hub/status [39m[32m200[39m [90m7 ms - 68[39m
[35m[HTTP][39m [90m[39m
[35m[HTTP][39m [37m-->[39m [37mGET[39m [37m/wd/hub/status[39m
[35m[HTTP][39m [90m{}[39m
[35m[HTTP][39m [37m<-- GET /wd/hub/status [39m[32m200[39m [90m1 ms - 68[39m
[35m[HTTP][39m [90m[39m
[35m[HTTP][39m [37m-->[39m [37mPOST[39m [37m/wd/hub/session[39m
[35m[HTTP][39m [90m{"desiredCapabilities":{"app":"D:\\Appium\\AndriodApp\\ApiDemos-debug.apk","noReset":true,"deviceName":"emulator-5554 (Android SDK built for x86 - Android 7.0)","fullReset":false,"platform":"ANDROID","newCommandTimeout":1800,"platformVersion":"7.0","automationName":"uiautomator2","autoGrantPermissions":true,"platformName":"Android","udid":"emulator-5554","systemPort":53851},"capabilities":{"firstMatch":[{"appium:app":"D:\\Appium\\AndriodApp\\ApiDemos-debug.apk","appium:autoGrantPermissions":true,"appium:automationName":"uiautomator2","appium:deviceName":"emulator-5554 (Android SDK built for x86 - Android 7.0)","appium:fullReset":false,"appium:newCommandTimeout":1800,"appium:noReset":true,"platform":"ANDROID","platformName":"android","appium:platformVersion":"7.0","appium:systemPort":53851,"appium:udid":"emulator-5554"}]}}[39m
[35m[BaseDriver][39m The capabilities ["platform"] are not standard capabilities and should have an extension prefix
[35m[Appium][39m Appium v1.13.0 creating new AndroidUiautomator2Driver (v1.33.1) session
[35m[Appium][39m Capabilities:
[35m[Appium][39m   platform: ANDROID
[35m[Appium][39m   platformName: android
[35m[Appium][39m   app: D:\Appium\AndriodApp\ApiDemos-debug.apk
[35m[Appium][39m   autoGrantPermissions: true
[35m[Appium][39m   automationName: uiautomator2
[35m[Appium][39m   deviceName: emulator-5554 (Android SDK built for x86 - Android 7.0)
[35m[Appium][39m   fullReset: false
[35m[Appium][39m   newCommandTimeout: 1800
[35m[Appium][39m   noReset: true
[35m[Appium][39m   platformVersion: 7.0
[35m[Appium][39m   systemPort: 53851
[35m[Appium][39m   udid: emulator-5554
[35m[BaseDriver][39m The following capabilities were provided, but are not recognized by appium: platform.
[35m[BaseDriver][39m Session created with session id: 4b5e5495-ed93-4165-9454-3b92d31e3aa2
[35m[BaseDriver][39m Using local app 'D:\Appium\AndriodApp\ApiDemos-debug.apk'
[35m[ADB][39m Found 1 'build-tools' folders under 'C:\Users\Aparna\.katalon\tools\android_sdk' (newest first):
[35m[ADB][39m     C:/Users/Aparna/.katalon/tools/android_sdk/build-tools/29.0.2
[35m[ADB][39m Using 'adb.exe' from 'C:\Users\Aparna\.katalon\tools\android_sdk\platform-tools\adb.exe'
[35m[AndroidDriver][39m Retrieving device list
[35m[AndroidDriver][39m Using device: emulator-5554
[35m[ADB][39m Using 'adb.exe' from 'C:\Users\Aparna\.katalon\tools\android_sdk\platform-tools\adb.exe'
[35m[ADB][39m Using the alternative activity name detection method because of: Could not find 'apkanalyzer.bat' in ["C:\\Users\\Aparna\\.katalon\\tools\\android_sdk\\platform-tools\\apkanalyzer.bat","C:\\Users\\Aparna\\.katalon\\tools\\android_sdk\\emulator\\apkanalyzer.bat","C:\\Users\\Aparna\\.katalon\\tools\\android_sdk\\tools\\apkanalyzer.bat","C:\\Users\\Aparna\\.katalon\\tools\\android_sdk\\tools\\bin\\apkanalyzer.bat","C:\\Users\\Aparna\\.katalon\\tools\\android_sdk\\build-tools\\29.0.2\\apkanalyzer.bat"]. Do you have Android Build Tools installed at 'C:\Users\Aparna\.katalon\tools\android_sdk'?
[35m[ADB][39m Using 'aapt.exe' from 'C:\Users\Aparna\.katalon\tools\android_sdk\build-tools\29.0.2\aapt.exe'
[35m[ADB][39m Extracting package and launch activity from manifest
[35m[ADB][39m Package name: 'io.appium.android.apis'
[35m[ADB][39m Main activity name: 'io.appium.android.apis.ApiDemos'
[35m[ADB][39m Using 'apksigner.bat' from 'C:\Users\Aparna\.katalon\tools\android_sdk\build-tools\29.0.2\apksigner.bat'
[35m[UiAutomator2][39m Server packages are not going to be (re)installed
[35m[UiAutomator2][39m Starting UIAutomator2 server 3.5.1
[35m[UiAutomator2][39m Using UIAutomator2 server from 'D:\Protractor\node-v10.14.0-win-x64\node_modules\appium\node_modules\appium-uiautomator2-server\apks\appium-uiautomator2-server-v3.5.1.apk' and test from 'D:\Protractor\node-v10.14.0-win-x64\node_modules\appium\node_modules\appium-uiautomator2-server\apks\appium-uiautomator2-server-debug-androidTest.apk'
[35m[UiAutomator2][39m Waiting up to 30000ms for UiAutomator2 to be online...
[35m[WD Proxy][39m Got an unexpected response: {"code":"ECONNRESET"}
[35m[WD Proxy][39m Got an unexpected response: {"code":"ECONNRESET"}
[35m[AndroidDriver][39m Screen already unlocked, doing nothing
[35m[UiAutomator2][39m UiAutomator2 did not start the activity we were waiting for, 'io.appium.android.apis/io.appium.android.apis.ApiDemos'. Starting it ourselves
[35m[Appium][39m New AndroidUiautomator2Driver session created successfully, session 4b5e5495-ed93-4165-9454-3b92d31e3aa2 added to master session list
[35m[HTTP][39m [37m<-- POST /wd/hub/session [39m[32m200[39m [90m12830 ms - 1242[39m
[35m[HTTP][39m [90m[39m
[35m[HTTP][39m [37m-->[39m [37mGET[39m [37m/wd/hub/session/4b5e5495-ed93-4165-9454-3b92d31e3aa2[39m
[35m[HTTP][39m [90m{}[39m
[35m[HTTP][39m [37m<-- GET /wd/hub/session/4b5e5495-ed93-4165-9454-3b92d31e3aa2 [39m[32m200[39m [90m64 ms - 1174[39m
[35m[HTTP][39m [90m[39m
[35m[HTTP][39m [37m-->[39m [37mGET[39m [37m/wd/hub/session/4b5e5495-ed93-4165-9454-3b92d31e3aa2[39m
[35m[HTTP][39m [90m{}[39m
[35m[HTTP][39m [37m<-- GET /wd/hub/session/4b5e5495-ed93-4165-9454-3b92d31e3aa2 [39m[32m200[39m [90m16 ms - 1174[39m
[35m[HTTP][39m [90m[39m
[35m[HTTP][39m [37m-->[39m [37mGET[39m [37m/wd/hub/status[39m
[35m[HTTP][39m [90m{}[39m
[35m[HTTP][39m [37m<-- GET /wd/hub/status [39m[32m200[39m [90m2 ms - 68[39m
[35m[HTTP][39m [90m[39m
[35m[HTTP][39m [37m-->[39m [37mPOST[39m [37m/wd/hub/session/4b5e5495-ed93-4165-9454-3b92d31e3aa2/timeouts[39m
[35m[HTTP][39m [90m{"implicit":60000}[39m
[35m[HTTP][39m [37m<-- POST /wd/hub/session/4b5e5495-ed93-4165-9454-3b92d31e3aa2/timeouts [39m[32m200[39m [90m10 ms - 14[39m
[35m[HTTP][39m [90m[39m
[35m[HTTP][39m [37m-->[39m [37mGET[39m [37m/wd/hub/session/4b5e5495-ed93-4165-9454-3b92d31e3aa2/source[39m
[35m[HTTP][39m [90m{}[39m
[35m[W3C (4b5e5495)][39m Driver proxy active, passing request on via HTTP proxy
[35m[WD Proxy][39m Replacing sessionId 7197aed9-7f55-4cea-badd-3f0245b2b1f7 with 4b5e5495-ed93-4165-9454-3b92d31e3aa2
[35m[HTTP][39m [37m<-- GET /wd/hub/session/4b5e5495-ed93-4165-9454-3b92d31e3aa2/source [39m[32m200[39m [90m194 ms - 8588[39m
[35m[HTTP][39m [90m[39m
[35m[HTTP][39m [37m-->[39m [37mGET[39m [37m/wd/hub/session/4b5e5495-ed93-4165-9454-3b92d31e3aa2/screenshot[39m
[35m[HTTP][39m [90m{}[39m
[35m[HTTP][39m [37m<-- GET /wd/hub/session/4b5e5495-ed93-4165-9454-3b92d31e3aa2/screenshot [39m[32m200[39m [90m947 ms - 137310[39m
[35m[HTTP][39m [90m[39m
[35m[HTTP][39m [37m-->[39m [37mDELETE[39m [37m/wd/hub/session/4b5e5495-ed93-4165-9454-3b92d31e3aa2[39m
[35m[HTTP][39m [90m{}[39m
[35m[Appium][39m Removing session 4b5e5495-ed93-4165-9454-3b92d31e3aa2 from our master session list
[35m[HTTP][39m [37m<-- DELETE /wd/hub/session/4b5e5495-ed93-4165-9454-3b92d31e3aa2 [39m[32m200[39m [90m1165 ms - 14[39m
[35m[HTTP][39m [90m[39m
